0 info it worked if it ends with ok
1 verbose cli [ 'C:\\Program Files\\nodejs\\node.exe',
1 verbose cli   'C:\\Users\\Jacqueline You\\AppData\\Roaming\\npm\\node_modules\\npm\\bin\\npm-cli.js',
1 verbose cli   'run',
1 verbose cli   'test' ]
2 info using npm@3.10.5
3 info using node@v6.2.0
4 verbose run-script [ 'pretest', 'test', 'posttest' ]
5 info lifecycle clotho@3.1.0~pretest: clotho@3.1.0
6 silly lifecycle clotho@3.1.0~pretest: no script for pretest, continuing
7 info lifecycle clotho@3.1.0~test: clotho@3.1.0
8 verbose lifecycle clotho@3.1.0~test: unsafe-perm in lifecycle true
9 verbose lifecycle clotho@3.1.0~test: PATH: C:\Users\Jacqueline You\AppData\Roaming\npm\node_modules\npm\bin\node-gyp-bin;C:\Users\Jacqueline You\Documents\GitHub\clotho\node_modules\.bin;C:\Program Files\nodejs;C:\Program Files (x86)\cmder\bin;C:\Program Files (x86)\cmder\vendor\git-for-windows\bin;C:\Program Files (x86)\cmder\vendor\git-for-windows\usr\bin;C:\Program Files (x86)\cmder\vendor\git-for-windows\share\vim\vim74;C:\Program Files (x86)\cmder\vendor\conemu-maximus5\ConEmu\Scripts;C:\Program Files (x86)\cmder\bin;C:\Program Files (x86)\cmder\vendor\git-for-windows\bin;C:\Program Files (x86)\cmder\vendor\git-for-windows\usr\bin;C:\Program Files (x86)\cmder\vendor\git-for-windows\share\vim\vim74;C:\Program Files (x86)\cmder\vendor\conemu-maximus5\ConEmu\Scripts;C:\Program Files (x86)\cmder\vendor\conemu-maximus5;C:\Program Files (x86)\cmder\vendor\conemu-maximus5\ConEmu;C:\Python27\;C:\Python27\Scripts;C:\ProgramData\Oracle\Java\javapath;C:\Program Files (x86)\Intel\iCLS Client\;C:\Program Files\Intel\iCLS Client\;C:\WINDOWS\system32;C:\WINDOWS;C:\WINDOWS\System32\Wbem;C:\WINDOWS\System32\WindowsPowerShell\v1.0\;C:\Program Files (x86)\Intel\Intel(R) Management Engine Components\DAL;C:\Program Files\Intel\Intel(R) Management Engine Components\DAL;C:\Program Files (x86)\Intel\Intel(R) Management Engine Components\IPT;C:\Program Files\Intel\Intel(R) Management Engine Components\IPT;C:\Program Files (x86)\Windows Kits\10\Windows Performance Toolkit\;C:\Program Files\nodejs\;C:\WINDOWS\system32\config\systemprofile\.dnx\bin;C:\Program Files\Microsoft DNX\Dnvm\;C:\Program Files\Microsoft SQL Server\130\Tools\Binn\;C:\Program Files (x86)\Skype\Phone\;C:\Program Files (x86)\PharosSystems\Core;C:\Program Files\Intel\WiFi\bin\;C:\Program Files\Common Files\Intel\WirelessCommon\;C:\Ruby23-x64\bin;C:\Users\Jacqueline You\Anaconda34;C:\Users\Jacqueline You\Anaconda34\Scripts;C:\Users\Jacqueline You\Anaconda34\Library\bin;C:\Users\Jacqueline You\Anaconda2;C:\Users\Jacqueline You\Anaconda2\Scripts;C:\Users\Jacqueline You\Anaconda2\Library\bin;C:\Program Files\MiKTeX 2.9\miktex\bin\x64\;C:\Program Files\MongoDB\Server\3.2\bin\;C:\Users\Jacqueline You\AppData\Local\.meteor\;C:\Program Files\R\R-3.2.2\bin\x64;C:\Users\Jacqueline You\AppData\Roaming\npm;C:\Program Files (x86)\cmder;C:\Android\sdk\platform-tools;C:\Program Files\Intel\WiFi\bin\;C:\Program Files\Common Files\Intel\WirelessCommon\;%USERPROFILE%\AppData\Local\Microsoft\WindowsApps;;C:\Program Files (x86)\cmder;C:\Program Files (x86)\cmder
10 verbose lifecycle clotho@3.1.0~test: CWD: C:\Users\Jacqueline You\Documents\GitHub\clotho
11 silly lifecycle clotho@3.1.0~test: Args: [ '/d /s /c', 'lab -c -L' ]
12 silly lifecycle clotho@3.1.0~test: Returned: code: 1  signal: null
13 info lifecycle clotho@3.1.0~test: Failed to exec test script
14 verbose stack Error: clotho@3.1.0 test: `lab -c -L`
14 verbose stack Exit status 1
14 verbose stack     at EventEmitter.<anonymous> (C:\Users\Jacqueline You\AppData\Roaming\npm\node_modules\npm\lib\utils\lifecycle.js:242:16)
14 verbose stack     at emitTwo (events.js:106:13)
14 verbose stack     at EventEmitter.emit (events.js:191:7)
14 verbose stack     at ChildProcess.<anonymous> (C:\Users\Jacqueline You\AppData\Roaming\npm\node_modules\npm\lib\utils\spawn.js:40:14)
14 verbose stack     at emitTwo (events.js:106:13)
14 verbose stack     at ChildProcess.emit (events.js:191:7)
14 verbose stack     at maybeClose (internal/child_process.js:850:16)
14 verbose stack     at Process.ChildProcess._handle.onexit (internal/child_process.js:215:5)
15 verbose pkgid clotho@3.1.0
16 verbose cwd C:\Users\Jacqueline You\Documents\GitHub\clotho\server
17 error Windows_NT 10.0.14393
18 error argv "C:\\Program Files\\nodejs\\node.exe" "C:\\Users\\Jacqueline You\\AppData\\Roaming\\npm\\node_modules\\npm\\bin\\npm-cli.js" "run" "test"
19 error node v6.2.0
20 error npm  v3.10.5
21 error code ELIFECYCLE
22 error clotho@3.1.0 test: `lab -c -L`
22 error Exit status 1
23 error Failed at the clotho@3.1.0 test script 'lab -c -L'.
23 error Make sure you have the latest version of node.js and npm installed.
23 error If you do, this is most likely a problem with the clotho package,
23 error not with npm itself.
23 error Tell the author that this fails on your system:
23 error     lab -c -L
23 error You can get information on how to open an issue for this project with:
23 error     npm bugs clotho
23 error Or if that isn't available, you can get their info via:
23 error     npm owner ls clotho
23 error There is likely additional logging output above.
24 verbose exit [ 1, true ]
